# JRE version: Java(TM) SE Runtime Environment (8.0_231-b11) (build 1.8.0_231-b11)
# Java VM: Java HotSpot(TM) 64-Bit Server VM (25.231-b11 mixed mode bsd-amd64 compressed oops)
Heap:
 PSYoungGen      total 602112K, used 4473K [0x000000076ab00000, 0x000000079b880000, 0x00000007c0000000)
  eden space 601088K, 0% used [0x000000076ab00000,0x000000076af5e7c0,0x000000078f600000)
  from space 1024K, 0% used [0x000000079b780000,0x000000079b780000,0x000000079b880000)
  to   space 23040K, 0% used [0x0000000798b80000,0x0000000798b80000,0x000000079a200000)
 ParOldGen       total 298496K, used 91499K [0x00000006c0000000, 0x00000006d2380000, 0x000000076ab00000)
  object space 298496K, 30% used [0x00000006c0000000,0x00000006c595af18,0x00000006d2380000)
 Metaspace       used 36036K, capacity 38124K, committed 38272K, reserved 1083392K
  class space    used 4571K, capacity 4924K, committed 4992K, reserved 1048576K
GC Heap History (10 events):
Event: 311492.994 GC heap before
{Heap before GC invocations=2326 (full 7):
 PSYoungGen      total 704512K, used 704384K [0x000000076ab00000, 0x000000079b900000, 0x00000007c0000000)
  eden space 704000K, 100% used [0x000000076ab00000,0x0000000795a80000,0x0000000795a80000)
  from space 512K, 75% used [0x000000079b880000,0x000000079b8e0000,0x000000079b900000)
  to   space 1536K, 0% used [0x000000079b600000,0x000000079b600000,0x000000079b780000)
 ParOldGen       total 370688K, used 296181K [0x00000006c0000000, 0x00000006d6a00000, 0x000000076ab00000)
  object space 370688K, 79% used [0x00000006c0000000,0x00000006d213d408,0x00000006d6a00000)
 Metaspace       used 35826K, capacity 37862K, committed 38016K, reserved 1083392K
  class space    used 4566K, capacity 4923K, committed 4992K, reserved 1048576K
Event: 311493.182 GC heap after
Heap after GC invocations=2326 (full 7):
 PSYoungGen      total 677888K, used 256K [0x000000076ab00000, 0x000000079b900000, 0x00000007c0000000)
  eden space 676352K, 0% used [0x000000076ab00000,0x000000076ab00000,0x0000000793f80000)
  from space 1536K, 16% used [0x000000079b600000,0x000000079b640000,0x000000079b780000)
  to   space 1024K, 0% used [0x000000079b800000,0x000000079b800000,0x000000079b900000)
 ParOldGen       total 370688K, used 296197K [0x00000006c0000000, 0x00000006d6a00000, 0x000000076ab00000)
  object space 370688K, 79% used [0x00000006c0000000,0x00000006d2141408,0x00000006d6a00000)
 Metaspace       used 35826K, capacity 37862K, committed 38016K, reserved 1083392K
  class space    used 4566K, capacity 4923K, committed 4992K, reserved 1048576K
}
Event: 311550.279 GC heap before
{Heap before GC invocations=2327 (full 7):
 PSYoungGen      total 677888K, used 676608K [0x000000076ab00000, 0x000000079b900000, 0x00000007c0000000)
  eden space 676352K, 100% used [0x000000076ab00000,0x0000000793f80000,0x0000000793f80000)
  from space 1536K, 16% used [0x000000079b600000,0x000000079b640000,0x000000079b780000)
  to   space 1024K, 0% used [0x000000079b800000,0x000000079b800000,0x000000079b900000)
 ParOldGen       total 370688K, used 296197K [0x00000006c0000000, 0x00000006d6a00000, 0x000000076ab00000)
  object space 370688K, 79% used [0x00000006c0000000,0x00000006d2141408,0x00000006d6a00000)
 Metaspace       used 35826K, capacity 37862K, committed 38016K, reserved 1083392K
  class space    used 4566K, capacity 4923K, committed 4992K, reserved 1048576K
Event: 311550.462 GC heap after
Heap after GC invocations=2327 (full 7):
 PSYoungGen      total 650752K, used 288K [0x000000076ab00000, 0x000000079b880000, 0x00000007c0000000)
  eden space 650240K, 0% used [0x000000076ab00000,0x000000076ab00000,0x0000000792600000)
  from space 512K, 56% used [0x000000079b800000,0x000000079b848000,0x000000079b880000)
  to   space 1024K, 0% used [0x000000079b680000,0x000000079b680000,0x000000079b780000)
 ParOldGen       total 370688K, used 296197K [0x00000006c0000000, 0x00000006d6a00000, 0x000000076ab00000)
  object space 370688K, 79% used [0x00000006c0000000,0x00000006d2141408,0x00000006d6a00000)
 Metaspace       used 35826K, capacity 37862K, committed 38016K, reserved 1083392K
  class space    used 4566K, capacity 4923K, committed 4992K, reserved 1048576K
}
Event: 320077.031 GC heap before
{Heap before GC invocations=2328 (full 7):
 PSYoungGen      total 650752K, used 650528K [0x000000076ab00000, 0x000000079b880000, 0x00000007c0000000)
  eden space 650240K, 100% used [0x000000076ab00000,0x0000000792600000,0x0000000792600000)
  from space 512K, 56% used [0x000000079b800000,0x000000079b848000,0x000000079b880000)
  to   space 1024K, 0% used [0x000000079b680000,0x000000079b680000,0x000000079b780000)
 ParOldGen       total 370688K, used 296197K [0x00000006c0000000, 0x00000006d6a00000, 0x000000076ab00000)
  object space 370688K, 79% used [0x00000006c0000000,0x00000006d2141408,0x00000006d6a00000)
 Metaspace       used 35830K, capacity 37862K, committed 38016K, reserved 1083392K
  class space    used 4566K, capacity 4923K, committed 4992K, reserved 1048576K
Event: 320078.398 GC heap after
Heap after GC invocations=2328 (full 7):
 PSYoungGen      total 626176K, used 352K [0x000000076ab00000, 0x000000079b880000, 0x00000007c0000000)
  eden space 625152K, 0% used [0x000000076ab00000,0x000000076ab00000,0x0000000790d80000)
  from space 1024K, 34% used [0x000000079b680000,0x000000079b6d8000,0x000000079b780000)
  to   space 1024K, 0% used [0x000000079b780000,0x000000079b780000,0x000000079b880000)
 ParOldGen       total 370688K, used 296197K [0x00000006c0000000, 0x00000006d6a00000, 0x000000076ab00000)
  object space 370688K, 79% used [0x00000006c0000000,0x00000006d2141408,0x00000006d6a00000)
 Metaspace       used 35830K, capacity 37862K, committed 38016K, reserved 1083392K
  class space    used 4566K, capacity 4923K, committed 4992K, reserved 1048576K
}
Event: 357056.841 GC heap before
{Heap before GC invocations=2329 (full 7):
 PSYoungGen      total 626176K, used 625504K [0x000000076ab00000, 0x000000079b880000, 0x00000007c0000000)
  eden space 625152K, 100% used [0x000000076ab00000,0x0000000790d80000,0x0000000790d80000)
  from space 1024K, 34% used [0x000000079b680000,0x000000079b6d8000,0x000000079b780000)
  to   space 1024K, 0% used [0x000000079b780000,0x000000079b780000,0x000000079b880000)
 ParOldGen       total 370688K, used 296197K [0x00000006c0000000, 0x00000006d6a00000, 0x000000076ab00000)
  object space 370688K, 79% used [0x00000006c0000000,0x00000006d2141408,0x00000006d6a00000)
 Metaspace       used 36036K, capacity 38124K, committed 38272K, reserved 1083392K
  class space    used 4571K, capacity 4924K, committed 4992K, reserved 1048576K
Event: 357058.252 GC heap after
Heap after GC invocations=2329 (full 7):
 PSYoungGen      total 602112K, used 992K [0x000000076ab00000, 0x000000079b880000, 0x00000007c0000000)
  eden space 601088K, 0% used [0x000000076ab00000,0x000000076ab00000,0x000000078f600000)
  from space 1024K, 96% used [0x000000079b780000,0x000000079b878030,0x000000079b880000)
  to   space 23040K, 0% used [0x0000000798b80000,0x0000000798b80000,0x000000079a200000)
 ParOldGen       total 370688K, used 355131K [0x00000006c0000000, 0x00000006d6a00000, 0x000000076ab00000)
  object space 370688K, 95% used [0x00000006c0000000,0x00000006d5aced08,0x00000006d6a00000)
 Metaspace       used 36036K, capacity 38124K, committed 38272K, reserved 1083392K
  class space    used 4571K, capacity 4924K, committed 4992K, reserved 1048576K
}
Event: 357058.252 GC heap before
{Heap before GC invocations=2330 (full 8):
 PSYoungGen      total 602112K, used 992K [0x000000076ab00000, 0x000000079b880000, 0x00000007c0000000)
  eden space 601088K, 0% used [0x000000076ab00000,0x000000076ab00000,0x000000078f600000)
  from space 1024K, 96% used [0x000000079b780000,0x000000079b878030,0x000000079b880000)
  to   space 23040K, 0% used [0x0000000798b80000,0x0000000798b80000,0x000000079a200000)
 ParOldGen       total 370688K, used 355131K [0x00000006c0000000, 0x00000006d6a00000, 0x000000076ab00000)
  object space 370688K, 95% used [0x00000006c0000000,0x00000006d5aced08,0x00000006d6a00000)
 Metaspace       used 36036K, capacity 38124K, committed 38272K, reserved 1083392K
  class space    used 4571K, capacity 4924K, committed 4992K, reserved 1048576K
Event: 357059.321 GC heap after
Heap after GC invocations=2330 (full 8):
 PSYoungGen      total 602112K, used 0K [0x000000076ab00000, 0x000000079b880000, 0x00000007c0000000)
  eden space 601088K, 0% used [0x000000076ab00000,0x000000076ab00000,0x000000078f600000)
  from space 1024K, 0% used [0x000000079b780000,0x000000079b780000,0x000000079b880000)
  to   space 23040K, 0% used [0x0000000798b80000,0x0000000798b80000,0x000000079a200000)
 ParOldGen       total 298496K, used 91499K [0x00000006c0000000, 0x00000006d2380000, 0x000000076ab00000)
  object space 298496K, 30% used [0x00000006c0000000,0x00000006c595af18,0x00000006d2380000)
 Metaspace       used 36036K, capacity 38124K, committed 38272K, reserved 1083392K
  class space    used 4571K, capacity 4924K, committed 4992K, reserved 1048576K
}

